{"/home/kaio/Documentos/championship-adm/back-end/src/app.ts": {"path":"/home/kaio/Documentos/championship-adm/back-end/src/app.ts","statementMap":{"0":{"start":{"line":1,"column":0},"end":{"line":1,"column":23}},"1":{"start":{"line":2,"column":0},"end":{"line":2,"column":29}},"2":{"start":{"line":3,"column":0},"end":{"line":3,"column":29}},"3":{"start":{"line":4,"column":0},"end":{"line":4,"column":56}},"4":{"start":{"line":5,"column":0},"end":{"line":5,"column":36}},"5":{"start":{"line":8,"column":12},"end":{"line":8,"column":21}},"6":{"start":{"line":9,"column":0},"end":{"line":9,"column":null}},"7":{"start":{"line":10,"column":0},"end":{"line":10,"column":null}},"8":{"start":{"line":11,"column":0},"end":{"line":11,"column":null}},"9":{"start":{"line":14,"column":0},"end":{"line":14,"column":null}},"10":{"start":{"line":16,"column":0},"end":{"line":16,"column":null}}},"fnMap":{},"branchMap":{},"s":{"0":1,"1":1,"2":1,"3":1,"4":1,"5":1,"6":1,"7":1,"8":1,"9":1,"10":1},"f":{},"b":{}}
,"/home/kaio/Documentos/championship-adm/back-end/src/config/database.ts": {"path":"/home/kaio/Documentos/championship-adm/back-end/src/config/database.ts","statementMap":{"0":{"start":{"line":1,"column":0},"end":{"line":1,"column":33}},"1":{"start":{"line":3,"column":25},"end":{"line":3,"column":28}},"2":{"start":{"line":5,"column":13},"end":{"line":5,"column":41}}},"fnMap":{},"branchMap":{},"s":{"0":1,"1":1,"2":1},"f":{},"b":{}}
,"/home/kaio/Documentos/championship-adm/back-end/src/controllers/authController.ts": {"path":"/home/kaio/Documentos/championship-adm/back-end/src/controllers/authController.ts","statementMap":{"0":{"start":{"line":3,"column":0},"end":{"line":3,"column":53}},"1":{"start":{"line":6,"column":15},"end":{"line":12,"column":null}},"2":{"start":{"line":6,"column":53},"end":{"line":12,"column":null}},"3":{"start":{"line":7,"column":32},"end":{"line":7,"column":40}},"4":{"start":{"line":9,"column":19},"end":{"line":9,"column":62}},"5":{"start":{"line":11,"column":4},"end":{"line":11,"column":null}},"6":{"start":{"line":22,"column":9},"end":{"line":22,"column":15}},"7":{"start":{"line":14,"column":15},"end":{"line":20,"column":null}},"8":{"start":{"line":14,"column":53},"end":{"line":20,"column":null}},"9":{"start":{"line":15,"column":56},"end":{"line":15,"column":64}},"10":{"start":{"line":17,"column":19},"end":{"line":17,"column":86}},"11":{"start":{"line":19,"column":4},"end":{"line":19,"column":null}},"12":{"start":{"line":22,"column":17},"end":{"line":22,"column":23}}},"fnMap":{"0":{"name":"(anonymous_13)","decl":{"start":{"line":6,"column":15},"end":{"line":6,"column":23}},"loc":{"start":{"line":6,"column":53},"end":{"line":12,"column":null}}},"1":{"name":"(anonymous_14)","decl":{"start":{"line":6,"column":53},"end":{"line":6,"column":null}},"loc":{"start":{"line":6,"column":53},"end":{"line":12,"column":1}}},"2":{"name":"(anonymous_15)","decl":{"start":{"line":14,"column":15},"end":{"line":14,"column":23}},"loc":{"start":{"line":14,"column":53},"end":{"line":20,"column":null}}},"3":{"name":"(anonymous_16)","decl":{"start":{"line":14,"column":53},"end":{"line":14,"column":null}},"loc":{"start":{"line":14,"column":53},"end":{"line":20,"column":1}}}},"branchMap":{},"s":{"0":1,"1":1,"2":3,"3":3,"4":3,"5":1,"6":1,"7":1,"8":2,"9":2,"10":2,"11":1,"12":1},"f":{"0":3,"1":3,"2":2,"3":2},"b":{}}
,"/home/kaio/Documentos/championship-adm/back-end/src/controllers/candidateController.ts": {"path":"/home/kaio/Documentos/championship-adm/back-end/src/controllers/candidateController.ts","statementMap":{"0":{"start":{"line":3,"column":0},"end":{"line":3,"column":63}},"1":{"start":{"line":6,"column":15},"end":{"line":15,"column":null}},"2":{"start":{"line":6,"column":53},"end":{"line":15,"column":null}},"3":{"start":{"line":8,"column":23},"end":{"line":8,"column":40}},"4":{"start":{"line":10,"column":43},"end":{"line":10,"column":51}},"5":{"start":{"line":12,"column":19},"end":{"line":12,"column":93}},"6":{"start":{"line":14,"column":4},"end":{"line":14,"column":null}},"7":{"start":{"line":25,"column":9},"end":{"line":25,"column":15}},"8":{"start":{"line":17,"column":22},"end":{"line":23,"column":null}},"9":{"start":{"line":17,"column":60},"end":{"line":23,"column":null}},"10":{"start":{"line":20,"column":19},"end":{"line":20,"column":57}},"11":{"start":{"line":22,"column":4},"end":{"line":22,"column":null}},"12":{"start":{"line":25,"column":17},"end":{"line":25,"column":30}}},"fnMap":{"0":{"name":"(anonymous_13)","decl":{"start":{"line":6,"column":15},"end":{"line":6,"column":23}},"loc":{"start":{"line":6,"column":53},"end":{"line":15,"column":null}}},"1":{"name":"(anonymous_14)","decl":{"start":{"line":6,"column":53},"end":{"line":6,"column":null}},"loc":{"start":{"line":6,"column":53},"end":{"line":15,"column":1}}},"2":{"name":"(anonymous_15)","decl":{"start":{"line":17,"column":22},"end":{"line":17,"column":30}},"loc":{"start":{"line":17,"column":60},"end":{"line":23,"column":null}}},"3":{"name":"(anonymous_16)","decl":{"start":{"line":17,"column":60},"end":{"line":17,"column":null}},"loc":{"start":{"line":17,"column":60},"end":{"line":23,"column":1}}}},"branchMap":{},"s":{"0":1,"1":1,"2":0,"3":0,"4":0,"5":0,"6":0,"7":1,"8":1,"9":0,"10":0,"11":0,"12":1},"f":{"0":0,"1":0,"2":0,"3":0},"b":{}}
,"/home/kaio/Documentos/championship-adm/back-end/src/controllers/jobsController.ts": {"path":"/home/kaio/Documentos/championship-adm/back-end/src/controllers/jobsController.ts","statementMap":{"0":{"start":{"line":3,"column":0},"end":{"line":3,"column":53}},"1":{"start":{"line":6,"column":15},"end":{"line":15,"column":null}},"2":{"start":{"line":6,"column":53},"end":{"line":15,"column":null}},"3":{"start":{"line":10,"column":49},"end":{"line":10,"column":57}},"4":{"start":{"line":12,"column":19},"end":{"line":12,"column":66}},"5":{"start":{"line":14,"column":4},"end":{"line":14,"column":null}},"6":{"start":{"line":42,"column":9},"end":{"line":42,"column":15}},"7":{"start":{"line":17,"column":16},"end":{"line":24,"column":null}},"8":{"start":{"line":17,"column":54},"end":{"line":24,"column":null}},"9":{"start":{"line":19,"column":4},"end":{"line":19,"column":null}},"10":{"start":{"line":21,"column":19},"end":{"line":21,"column":46}},"11":{"start":{"line":23,"column":4},"end":{"line":23,"column":null}},"12":{"start":{"line":42,"column":17},"end":{"line":42,"column":24}},"13":{"start":{"line":26,"column":19},"end":{"line":31,"column":null}},"14":{"start":{"line":26,"column":57},"end":{"line":31,"column":null}},"15":{"start":{"line":27,"column":15},"end":{"line":27,"column":36}},"16":{"start":{"line":28,"column":19},"end":{"line":28,"column":51}},"17":{"start":{"line":30,"column":4},"end":{"line":30,"column":null}},"18":{"start":{"line":42,"column":37},"end":{"line":42,"column":47}},"19":{"start":{"line":33,"column":18},"end":{"line":40,"column":null}},"20":{"start":{"line":33,"column":56},"end":{"line":40,"column":null}},"21":{"start":{"line":35,"column":16},"end":{"line":35,"column":37}},"22":{"start":{"line":37,"column":19},"end":{"line":37,"column":50}},"23":{"start":{"line":39,"column":4},"end":{"line":39,"column":null}},"24":{"start":{"line":42,"column":26},"end":{"line":42,"column":35}}},"fnMap":{"0":{"name":"(anonymous_13)","decl":{"start":{"line":6,"column":15},"end":{"line":6,"column":23}},"loc":{"start":{"line":6,"column":53},"end":{"line":15,"column":null}}},"1":{"name":"(anonymous_14)","decl":{"start":{"line":6,"column":53},"end":{"line":6,"column":null}},"loc":{"start":{"line":6,"column":53},"end":{"line":15,"column":1}}},"2":{"name":"(anonymous_15)","decl":{"start":{"line":17,"column":16},"end":{"line":17,"column":24}},"loc":{"start":{"line":17,"column":54},"end":{"line":24,"column":null}}},"3":{"name":"(anonymous_16)","decl":{"start":{"line":17,"column":54},"end":{"line":17,"column":null}},"loc":{"start":{"line":17,"column":54},"end":{"line":24,"column":1}}},"4":{"name":"(anonymous_17)","decl":{"start":{"line":26,"column":19},"end":{"line":26,"column":27}},"loc":{"start":{"line":26,"column":57},"end":{"line":31,"column":null}}},"5":{"name":"(anonymous_18)","decl":{"start":{"line":26,"column":57},"end":{"line":26,"column":null}},"loc":{"start":{"line":26,"column":57},"end":{"line":31,"column":1}}},"6":{"name":"(anonymous_19)","decl":{"start":{"line":33,"column":18},"end":{"line":33,"column":26}},"loc":{"start":{"line":33,"column":56},"end":{"line":40,"column":null}}},"7":{"name":"(anonymous_20)","decl":{"start":{"line":33,"column":56},"end":{"line":33,"column":null}},"loc":{"start":{"line":33,"column":56},"end":{"line":40,"column":1}}}},"branchMap":{},"s":{"0":1,"1":1,"2":0,"3":0,"4":0,"5":0,"6":1,"7":1,"8":0,"9":0,"10":0,"11":0,"12":1,"13":1,"14":0,"15":0,"16":0,"17":0,"18":1,"19":1,"20":0,"21":0,"22":0,"23":0,"24":1},"f":{"0":0,"1":0,"2":0,"3":0,"4":0,"5":0,"6":0,"7":0},"b":{}}
,"/home/kaio/Documentos/championship-adm/back-end/src/middlewares/erroHandler.ts": {"path":"/home/kaio/Documentos/championship-adm/back-end/src/middlewares/erroHandler.ts","statementMap":{"0":{"start":{"line":2,"column":0},"end":{"line":2,"column":null}},"1":{"start":{"line":14,"column":2},"end":{"line":14,"column":19}},"2":{"start":{"line":16,"column":2},"end":{"line":18,"column":null}},"3":{"start":{"line":17,"column":4},"end":{"line":17,"column":73}},"4":{"start":{"line":20,"column":2},"end":{"line":20,"column":29}},"5":{"start":{"line":8,"column":0},"end":{"line":8,"column":16}}},"fnMap":{"0":{"name":"errorHandler","decl":{"start":{"line":8,"column":16},"end":{"line":8,"column":28}},"loc":{"start":{"line":12,"column":20},"end":{"line":21,"column":1}}}},"branchMap":{"0":{"loc":{"start":{"line":16,"column":2},"end":{"line":18,"column":null}},"type":"if","locations":[{"start":{"line":16,"column":2},"end":{"line":18,"column":null}}]}},"s":{"0":1,"1":3,"2":3,"3":3,"4":0,"5":1},"f":{"0":3},"b":{"0":[3]}}
,"/home/kaio/Documentos/championship-adm/back-end/src/middlewares/schemaValidate.ts": {"path":"/home/kaio/Documentos/championship-adm/back-end/src/middlewares/schemaValidate.ts","statementMap":{"0":{"start":{"line":4,"column":23},"end":{"line":14,"column":1}},"1":{"start":{"line":5,"column":1},"end":{"line":13,"column":null}},"2":{"start":{"line":6,"column":20},"end":{"line":6,"column":63}},"3":{"start":{"line":7,"column":2},"end":{"line":11,"column":null}},"4":{"start":{"line":8,"column":3},"end":{"line":10,"column":null}},"5":{"start":{"line":10,"column":45},"end":{"line":10,"column":52}},"6":{"start":{"line":12,"column":2},"end":{"line":12,"column":null}},"7":{"start":{"line":16,"column":0},"end":{"line":16,"column":null}}},"fnMap":{"0":{"name":"(anonymous_0)","decl":{"start":{"line":4,"column":23},"end":{"line":4,"column":24}},"loc":{"start":{"line":4,"column":48},"end":{"line":14,"column":1}}},"1":{"name":"(anonymous_1)","decl":{"start":{"line":5,"column":8},"end":{"line":5,"column":9}},"loc":{"start":{"line":5,"column":60},"end":{"line":13,"column":2}}},"2":{"name":"(anonymous_2)","decl":{"start":{"line":10,"column":28},"end":{"line":10,"column":29}},"loc":{"start":{"line":10,"column":45},"end":{"line":10,"column":52}}}},"branchMap":{"0":{"loc":{"start":{"line":7,"column":2},"end":{"line":11,"column":null}},"type":"if","locations":[{"start":{"line":7,"column":2},"end":{"line":11,"column":null}}]}},"s":{"0":1,"1":3,"2":7,"3":7,"4":2,"5":3,"6":5,"7":1},"f":{"0":3,"1":7,"2":3},"b":{"0":[2]}}
,"/home/kaio/Documentos/championship-adm/back-end/src/middlewares/validateJwt.ts": {"path":"/home/kaio/Documentos/championship-adm/back-end/src/middlewares/validateJwt.ts","statementMap":{"0":{"start":{"line":1,"column":0},"end":{"line":1,"column":28}},"1":{"start":{"line":3,"column":0},"end":{"line":3,"column":31}},"2":{"start":{"line":5,"column":0},"end":{"line":5,"column":16}},"3":{"start":{"line":9,"column":2},"end":{"line":27,"column":4}},"4":{"start":{"line":11,"column":18},"end":{"line":11,"column":61}},"5":{"start":{"line":13,"column":4},"end":{"line":15,"column":null}},"6":{"start":{"line":14,"column":6},"end":{"line":14,"column":52}},"7":{"start":{"line":17,"column":27},"end":{"line":17,"column":61}},"8":{"start":{"line":19,"column":4},"end":{"line":26,"column":null}},"9":{"start":{"line":21,"column":19},"end":{"line":21,"column":44}},"10":{"start":{"line":22,"column":6},"end":{"line":22,"column":29}},"11":{"start":{"line":23,"column":6},"end":{"line":23,"column":13}},"12":{"start":{"line":25,"column":6},"end":{"line":25,"column":61}},"13":{"start":{"line":7,"column":0},"end":{"line":7,"column":16}}},"fnMap":{"0":{"name":"validateJWT","decl":{"start":{"line":7,"column":16},"end":{"line":7,"column":27}},"loc":{"start":{"line":7,"column":27},"end":{"line":28,"column":1}}},"1":{"name":"(anonymous_2)","decl":{"start":{"line":9,"column":9},"end":{"line":9,"column":10}},"loc":{"start":{"line":9,"column":61},"end":{"line":27,"column":3}}}},"branchMap":{"0":{"loc":{"start":{"line":11,"column":18},"end":{"line":11,"column":61}},"type":"cond-expr","locations":[{"start":{"line":11,"column":46},"end":{"line":11,"column":48}},{"start":{"line":11,"column":46},"end":{"line":11,"column":61}}]},"1":{"loc":{"start":{"line":11,"column":18},"end":{"line":11,"column":48}},"type":"binary-expr","locations":[{"start":{"line":11,"column":18},"end":{"line":11,"column":48}},{"start":{"line":11,"column":46},"end":{"line":11,"column":48}}]},"2":{"loc":{"start":{"line":13,"column":4},"end":{"line":15,"column":null}},"type":"if","locations":[{"start":{"line":13,"column":4},"end":{"line":15,"column":null}}]},"3":{"loc":{"start":{"line":17,"column":27},"end":{"line":17,"column":61}},"type":"cond-expr","locations":[{"start":{"line":17,"column":55},"end":{"line":17,"column":59}},{"start":{"line":17,"column":59},"end":{"line":17,"column":61}}]},"4":{"loc":{"start":{"line":17,"column":27},"end":{"line":17,"column":59}},"type":"binary-expr","locations":[{"start":{"line":17,"column":27},"end":{"line":17,"column":59}},{"start":{"line":17,"column":55},"end":{"line":17,"column":59}}]}},"s":{"0":1,"1":1,"2":1,"3":1,"4":0,"5":0,"6":0,"7":0,"8":0,"9":0,"10":0,"11":0,"12":0,"13":1},"f":{"0":1,"1":0},"b":{"0":[0,0],"1":[0,0],"2":[0],"3":[0,0],"4":[0,0]}}
,"/home/kaio/Documentos/championship-adm/back-end/src/repositories/authRepository.ts": {"path":"/home/kaio/Documentos/championship-adm/back-end/src/repositories/authRepository.ts","statementMap":{"0":{"start":{"line":1,"column":0},"end":{"line":1,"column":42}},"1":{"start":{"line":3,"column":0},"end":{"line":3,"column":67}},"2":{"start":{"line":5,"column":15},"end":{"line":17,"column":null}},"3":{"start":{"line":5,"column":39},"end":{"line":17,"column":null}},"4":{"start":{"line":7,"column":19},"end":{"line":7,"column":74}},"5":{"start":{"line":9,"column":4},"end":{"line":9,"column":null}},"6":{"start":{"line":9,"column":15},"end":{"line":9,"column":null}},"7":{"start":{"line":11,"column":34},"end":{"line":13,"column":6}},"8":{"start":{"line":15,"column":4},"end":{"line":15,"column":null}},"9":{"start":{"line":30,"column":8},"end":{"line":30,"column":14}},"10":{"start":{"line":19,"column":20},"end":{"line":28,"column":null}},"11":{"start":{"line":19,"column":43},"end":{"line":28,"column":null}},"12":{"start":{"line":22,"column":19},"end":{"line":22,"column":69}},"13":{"start":{"line":24,"column":4},"end":{"line":24,"column":null}},"14":{"start":{"line":24,"column":16},"end":{"line":24,"column":null}},"15":{"start":{"line":26,"column":4},"end":{"line":26,"column":null}},"16":{"start":{"line":30,"column":16},"end":{"line":30,"column":27}}},"fnMap":{"0":{"name":"(anonymous_7)","decl":{"start":{"line":5,"column":15},"end":{"line":5,"column":22}},"loc":{"start":{"line":5,"column":39},"end":{"line":17,"column":null}}},"1":{"name":"(anonymous_8)","decl":{"start":{"line":5,"column":39},"end":{"line":5,"column":null}},"loc":{"start":{"line":5,"column":39},"end":{"line":17,"column":1}}},"2":{"name":"(anonymous_9)","decl":{"start":{"line":19,"column":20},"end":{"line":19,"column":27}},"loc":{"start":{"line":19,"column":43},"end":{"line":28,"column":null}}},"3":{"name":"(anonymous_10)","decl":{"start":{"line":19,"column":43},"end":{"line":19,"column":null}},"loc":{"start":{"line":19,"column":43},"end":{"line":28,"column":1}}}},"branchMap":{"0":{"loc":{"start":{"line":9,"column":4},"end":{"line":9,"column":null}},"type":"if","locations":[{"start":{"line":9,"column":4},"end":{"line":9,"column":null}}]},"1":{"loc":{"start":{"line":24,"column":4},"end":{"line":24,"column":null}},"type":"if","locations":[{"start":{"line":24,"column":4},"end":{"line":24,"column":null}}]}},"s":{"0":1,"1":1,"2":1,"3":2,"4":2,"5":2,"6":1,"7":1,"8":1,"9":1,"10":1,"11":3,"12":3,"13":3,"14":1,"15":2,"16":1},"f":{"0":2,"1":2,"2":3,"3":3},"b":{"0":[1],"1":[1]}}
,"/home/kaio/Documentos/championship-adm/back-end/src/repositories/candidateRepository.ts": {"path":"/home/kaio/Documentos/championship-adm/back-end/src/repositories/candidateRepository.ts","statementMap":{"0":{"start":{"line":2,"column":0},"end":{"line":2,"column":44}},"1":{"start":{"line":5,"column":15},"end":{"line":9,"column":2}},"2":{"start":{"line":5,"column":53},"end":{"line":9,"column":2}},"3":{"start":{"line":6,"column":17},"end":{"line":6,"column":62}},"4":{"start":{"line":8,"column":2},"end":{"line":8,"column":16}},"5":{"start":{"line":26,"column":9},"end":{"line":26,"column":15}},"6":{"start":{"line":11,"column":22},"end":{"line":24,"column":2}},"7":{"start":{"line":11,"column":33},"end":{"line":24,"column":2}},"8":{"start":{"line":12,"column":17},"end":{"line":21,"column":4}},"9":{"start":{"line":23,"column":2},"end":{"line":23,"column":16}},"10":{"start":{"line":26,"column":17},"end":{"line":26,"column":30}}},"fnMap":{"0":{"name":"(anonymous_7)","decl":{"start":{"line":5,"column":15},"end":{"line":5,"column":22}},"loc":{"start":{"line":5,"column":53},"end":{"line":9,"column":2}}},"1":{"name":"(anonymous_8)","decl":{"start":{"line":5,"column":53},"end":{"line":5,"column":null}},"loc":{"start":{"line":5,"column":53},"end":{"line":9,"column":1}}},"2":{"name":"(anonymous_9)","decl":{"start":{"line":11,"column":22},"end":{"line":11,"column":31}},"loc":{"start":{"line":11,"column":33},"end":{"line":24,"column":2}}},"3":{"name":"(anonymous_10)","decl":{"start":{"line":11,"column":33},"end":{"line":11,"column":null}},"loc":{"start":{"line":11,"column":33},"end":{"line":24,"column":1}}}},"branchMap":{},"s":{"0":1,"1":1,"2":0,"3":0,"4":0,"5":1,"6":1,"7":0,"8":0,"9":0,"10":1},"f":{"0":0,"1":0,"2":0,"3":0},"b":{}}
,"/home/kaio/Documentos/championship-adm/back-end/src/repositories/jobsRepository.ts": {"path":"/home/kaio/Documentos/championship-adm/back-end/src/repositories/jobsRepository.ts","statementMap":{"0":{"start":{"line":3,"column":0},"end":{"line":3,"column":42}},"1":{"start":{"line":5,"column":0},"end":{"line":5,"column":67}},"2":{"start":{"line":7,"column":15},"end":{"line":13,"column":null}},"3":{"start":{"line":7,"column":34},"end":{"line":13,"column":null}},"4":{"start":{"line":9,"column":19},"end":{"line":9,"column":55}},"5":{"start":{"line":11,"column":4},"end":{"line":11,"column":null}},"6":{"start":{"line":131,"column":9},"end":{"line":131,"column":15}},"7":{"start":{"line":15,"column":18},"end":{"line":21,"column":null}},"8":{"start":{"line":15,"column":38},"end":{"line":21,"column":null}},"9":{"start":{"line":17,"column":19},"end":{"line":17,"column":80}},"10":{"start":{"line":19,"column":4},"end":{"line":19,"column":null}},"11":{"start":{"line":131,"column":17},"end":{"line":131,"column":26}},"12":{"start":{"line":24,"column":16},"end":{"line":59,"column":null}},"13":{"start":{"line":24,"column":27},"end":{"line":59,"column":null}},"14":{"start":{"line":27,"column":19},"end":{"line":55,"column":6}},"15":{"start":{"line":57,"column":4},"end":{"line":57,"column":null}},"16":{"start":{"line":131,"column":28},"end":{"line":131,"column":35}},"17":{"start":{"line":63,"column":19},"end":{"line":103,"column":null}},"18":{"start":{"line":63,"column":39},"end":{"line":103,"column":null}},"19":{"start":{"line":66,"column":19},"end":{"line":97,"column":6}},"20":{"start":{"line":99,"column":4},"end":{"line":99,"column":null}},"21":{"start":{"line":99,"column":16},"end":{"line":99,"column":null}},"22":{"start":{"line":101,"column":4},"end":{"line":101,"column":null}},"23":{"start":{"line":131,"column":37},"end":{"line":131,"column":47}},"24":{"start":{"line":106,"column":24},"end":{"line":127,"column":null}},"25":{"start":{"line":106,"column":44},"end":{"line":127,"column":null}},"26":{"start":{"line":109,"column":19},"end":{"line":123,"column":6}},"27":{"start":{"line":125,"column":4},"end":{"line":125,"column":null}},"28":{"start":{"line":131,"column":49},"end":{"line":131,"column":64}}},"fnMap":{"0":{"name":"(anonymous_7)","decl":{"start":{"line":7,"column":15},"end":{"line":7,"column":22}},"loc":{"start":{"line":7,"column":34},"end":{"line":13,"column":null}}},"1":{"name":"(anonymous_8)","decl":{"start":{"line":7,"column":34},"end":{"line":7,"column":null}},"loc":{"start":{"line":7,"column":34},"end":{"line":13,"column":1}}},"2":{"name":"(anonymous_9)","decl":{"start":{"line":15,"column":18},"end":{"line":15,"column":25}},"loc":{"start":{"line":15,"column":38},"end":{"line":21,"column":null}}},"3":{"name":"(anonymous_10)","decl":{"start":{"line":15,"column":38},"end":{"line":15,"column":null}},"loc":{"start":{"line":15,"column":38},"end":{"line":21,"column":1}}},"4":{"name":"(anonymous_11)","decl":{"start":{"line":24,"column":16},"end":{"line":24,"column":25}},"loc":{"start":{"line":24,"column":27},"end":{"line":59,"column":null}}},"5":{"name":"(anonymous_12)","decl":{"start":{"line":24,"column":27},"end":{"line":24,"column":null}},"loc":{"start":{"line":24,"column":27},"end":{"line":59,"column":1}}},"6":{"name":"(anonymous_13)","decl":{"start":{"line":63,"column":19},"end":{"line":63,"column":26}},"loc":{"start":{"line":63,"column":39},"end":{"line":103,"column":null}}},"7":{"name":"(anonymous_14)","decl":{"start":{"line":63,"column":39},"end":{"line":63,"column":null}},"loc":{"start":{"line":63,"column":39},"end":{"line":103,"column":1}}},"8":{"name":"(anonymous_15)","decl":{"start":{"line":106,"column":24},"end":{"line":106,"column":31}},"loc":{"start":{"line":106,"column":44},"end":{"line":127,"column":null}}},"9":{"name":"(anonymous_16)","decl":{"start":{"line":106,"column":44},"end":{"line":106,"column":null}},"loc":{"start":{"line":106,"column":44},"end":{"line":127,"column":1}}}},"branchMap":{"0":{"loc":{"start":{"line":99,"column":4},"end":{"line":99,"column":null}},"type":"if","locations":[{"start":{"line":99,"column":4},"end":{"line":99,"column":null}}]}},"s":{"0":1,"1":1,"2":1,"3":0,"4":0,"5":0,"6":1,"7":1,"8":0,"9":0,"10":0,"11":1,"12":1,"13":0,"14":0,"15":0,"16":1,"17":1,"18":0,"19":0,"20":0,"21":0,"22":0,"23":1,"24":1,"25":0,"26":0,"27":0,"28":1},"f":{"0":0,"1":0,"2":0,"3":0,"4":0,"5":0,"6":0,"7":0,"8":0,"9":0},"b":{"0":[0]}}
,"/home/kaio/Documentos/championship-adm/back-end/src/router/authRouter.ts": {"path":"/home/kaio/Documentos/championship-adm/back-end/src/router/authRouter.ts","statementMap":{"0":{"start":{"line":1,"column":0},"end":{"line":1,"column":33}},"1":{"start":{"line":2,"column":0},"end":{"line":2,"column":63}},"2":{"start":{"line":3,"column":0},"end":{"line":3,"column":59}},"3":{"start":{"line":4,"column":0},"end":{"line":4,"column":63}},"4":{"start":{"line":5,"column":0},"end":{"line":5,"column":63}},"5":{"start":{"line":7,"column":19},"end":{"line":7,"column":27}},"6":{"start":{"line":10,"column":0},"end":{"line":10,"column":65}},"7":{"start":{"line":11,"column":0},"end":{"line":11,"column":65}},"8":{"start":{"line":13,"column":0},"end":{"line":13,"column":null}}},"fnMap":{},"branchMap":{},"s":{"0":1,"1":1,"2":1,"3":1,"4":1,"5":1,"6":1,"7":1,"8":1},"f":{},"b":{}}
,"/home/kaio/Documentos/championship-adm/back-end/src/router/jobsRouter.ts": {"path":"/home/kaio/Documentos/championship-adm/back-end/src/router/jobsRouter.ts","statementMap":{"0":{"start":{"line":1,"column":0},"end":{"line":1,"column":33}},"1":{"start":{"line":2,"column":0},"end":{"line":2,"column":87}},"2":{"start":{"line":3,"column":0},"end":{"line":3,"column":73}},"3":{"start":{"line":4,"column":0},"end":{"line":4,"column":59}},"4":{"start":{"line":5,"column":0},"end":{"line":5,"column":57}},"5":{"start":{"line":6,"column":0},"end":{"line":6,"column":73}},"6":{"start":{"line":7,"column":0},"end":{"line":7,"column":28}},"7":{"start":{"line":8,"column":0},"end":{"line":8,"column":53}},"8":{"start":{"line":11,"column":13},"end":{"line":13,"column":3}},"9":{"start":{"line":15,"column":19},"end":{"line":15,"column":27}},"10":{"start":{"line":17,"column":0},"end":{"line":17,"column":null}},"11":{"start":{"line":18,"column":0},"end":{"line":18,"column":63}},"12":{"start":{"line":20,"column":0},"end":{"line":20,"column":100}},"13":{"start":{"line":22,"column":0},"end":{"line":22,"column":65}},"14":{"start":{"line":24,"column":0},"end":{"line":24,"column":34}},"15":{"start":{"line":26,"column":0},"end":{"line":26,"column":27}},"16":{"start":{"line":27,"column":0},"end":{"line":27,"column":35}},"17":{"start":{"line":29,"column":0},"end":{"line":29,"column":null}}},"fnMap":{},"branchMap":{},"s":{"0":1,"1":1,"2":1,"3":1,"4":1,"5":1,"6":1,"7":1,"8":1,"9":1,"10":1,"11":1,"12":1,"13":1,"14":1,"15":1,"16":1,"17":1},"f":{},"b":{}}
,"/home/kaio/Documentos/championship-adm/back-end/src/router/routes.ts": {"path":"/home/kaio/Documentos/championship-adm/back-end/src/router/routes.ts","statementMap":{"0":{"start":{"line":1,"column":0},"end":{"line":1,"column":33}},"1":{"start":{"line":2,"column":0},"end":{"line":2,"column":38}},"2":{"start":{"line":3,"column":0},"end":{"line":3,"column":38}},"3":{"start":{"line":5,"column":15},"end":{"line":5,"column":23}},"4":{"start":{"line":6,"column":0},"end":{"line":6,"column":23}},"5":{"start":{"line":7,"column":0},"end":{"line":7,"column":32}},"6":{"start":{"line":9,"column":0},"end":{"line":9,"column":null}}},"fnMap":{},"branchMap":{},"s":{"0":1,"1":1,"2":1,"3":1,"4":1,"5":1,"6":1},"f":{},"b":{}}
,"/home/kaio/Documentos/championship-adm/back-end/src/schemas/authSchemas/signInSchema.ts": {"path":"/home/kaio/Documentos/championship-adm/back-end/src/schemas/authSchemas/signInSchema.ts","statementMap":{"0":{"start":{"line":1,"column":0},"end":{"line":1,"column":22}},"1":{"start":{"line":3,"column":19},"end":{"line":9,"column":43}},"2":{"start":{"line":11,"column":21},"end":{"line":15,"column":42}},"3":{"start":{"line":18,"column":0},"end":{"line":18,"column":28}}},"fnMap":{},"branchMap":{},"s":{"0":1,"1":1,"2":1,"3":1},"f":{},"b":{}}
,"/home/kaio/Documentos/championship-adm/back-end/src/schemas/authSchemas/signUpSchema.ts": {"path":"/home/kaio/Documentos/championship-adm/back-end/src/schemas/authSchemas/signUpSchema.ts","statementMap":{"0":{"start":{"line":1,"column":0},"end":{"line":1,"column":22}},"1":{"start":{"line":3,"column":19},"end":{"line":8,"column":43}},"2":{"start":{"line":10,"column":21},"end":{"line":12,"column":42}},"3":{"start":{"line":15,"column":0},"end":{"line":15,"column":28}}},"fnMap":{},"branchMap":{},"s":{"0":1,"1":1,"2":1,"3":1},"f":{},"b":{}}
,"/home/kaio/Documentos/championship-adm/back-end/src/schemas/jobsSchemas/createJobsSchema.ts": {"path":"/home/kaio/Documentos/championship-adm/back-end/src/schemas/jobsSchemas/createJobsSchema.ts","statementMap":{"0":{"start":{"line":1,"column":0},"end":{"line":1,"column":22}},"1":{"start":{"line":3,"column":19},"end":{"line":10,"column":43}},"2":{"start":{"line":12,"column":27},"end":{"line":16,"column":42}},"3":{"start":{"line":19,"column":0},"end":{"line":19,"column":34}}},"fnMap":{},"branchMap":{},"s":{"0":1,"1":1,"2":1,"3":1},"f":{},"b":{}}
,"/home/kaio/Documentos/championship-adm/back-end/src/service/authService.ts": {"path":"/home/kaio/Documentos/championship-adm/back-end/src/service/authService.ts","statementMap":{"0":{"start":{"line":2,"column":0},"end":{"line":2,"column":28}},"1":{"start":{"line":4,"column":0},"end":{"line":4,"column":65}},"2":{"start":{"line":5,"column":0},"end":{"line":5,"column":56}},"3":{"start":{"line":6,"column":0},"end":{"line":6,"column":32}},"4":{"start":{"line":7,"column":15},"end":{"line":7,"column":48}},"5":{"start":{"line":9,"column":15},"end":{"line":18,"column":null}},"6":{"start":{"line":9,"column":78},"end":{"line":18,"column":null}},"7":{"start":{"line":11,"column":28},"end":{"line":11,"column":61}},"8":{"start":{"line":13,"column":19},"end":{"line":13,"column":87}},"9":{"start":{"line":15,"column":4},"end":{"line":15,"column":null}},"10":{"start":{"line":17,"column":4},"end":{"line":17,"column":null}},"11":{"start":{"line":36,"column":8},"end":{"line":36,"column":14}},"12":{"start":{"line":20,"column":15},"end":{"line":34,"column":null}},"13":{"start":{"line":20,"column":55},"end":{"line":34,"column":null}},"14":{"start":{"line":22,"column":17},"end":{"line":22,"column":56}},"15":{"start":{"line":24,"column":18},"end":{"line":24,"column":63}},"16":{"start":{"line":26,"column":4},"end":{"line":26,"column":null}},"17":{"start":{"line":26,"column":15},"end":{"line":26,"column":null}},"18":{"start":{"line":28,"column":25},"end":{"line":28,"column":59}},"19":{"start":{"line":30,"column":18},"end":{"line":30,"column":76}},"20":{"start":{"line":32,"column":4},"end":{"line":32,"column":null}},"21":{"start":{"line":36,"column":16},"end":{"line":36,"column":22}}},"fnMap":{"0":{"name":"(anonymous_14)","decl":{"start":{"line":9,"column":15},"end":{"line":9,"column":22}},"loc":{"start":{"line":9,"column":78},"end":{"line":18,"column":null}}},"1":{"name":"(anonymous_15)","decl":{"start":{"line":9,"column":78},"end":{"line":9,"column":null}},"loc":{"start":{"line":9,"column":78},"end":{"line":18,"column":1}}},"2":{"name":"(anonymous_16)","decl":{"start":{"line":20,"column":15},"end":{"line":20,"column":22}},"loc":{"start":{"line":20,"column":55},"end":{"line":34,"column":null}}},"3":{"name":"(anonymous_17)","decl":{"start":{"line":20,"column":55},"end":{"line":20,"column":null}},"loc":{"start":{"line":20,"column":55},"end":{"line":34,"column":1}}}},"branchMap":{"0":{"loc":{"start":{"line":26,"column":4},"end":{"line":26,"column":null}},"type":"if","locations":[{"start":{"line":26,"column":4},"end":{"line":26,"column":null}}]},"1":{"loc":{"start":{"line":28,"column":25},"end":{"line":28,"column":59}},"type":"cond-expr","locations":[{"start":{"line":28,"column":53},"end":{"line":28,"column":57}},{"start":{"line":28,"column":57},"end":{"line":28,"column":59}}]},"2":{"loc":{"start":{"line":28,"column":25},"end":{"line":28,"column":57}},"type":"binary-expr","locations":[{"start":{"line":28,"column":25},"end":{"line":28,"column":57}},{"start":{"line":28,"column":53},"end":{"line":28,"column":57}}]}},"s":{"0":1,"1":1,"2":1,"3":1,"4":1,"5":1,"6":2,"7":2,"8":2,"9":1,"10":1,"11":1,"12":1,"13":3,"14":3,"15":2,"16":2,"17":1,"18":1,"19":1,"20":1,"21":1},"f":{"0":2,"1":2,"2":3,"3":3},"b":{"0":[1],"1":[1,0],"2":[1,1]}}
,"/home/kaio/Documentos/championship-adm/back-end/src/service/candidateService.ts": {"path":"/home/kaio/Documentos/championship-adm/back-end/src/service/candidateService.ts","statementMap":{"0":{"start":{"line":4,"column":0},"end":{"line":4,"column":74}},"1":{"start":{"line":7,"column":15},"end":{"line":12,"column":null}},"2":{"start":{"line":7,"column":61},"end":{"line":12,"column":null}},"3":{"start":{"line":9,"column":19},"end":{"line":9,"column":66}},"4":{"start":{"line":11,"column":4},"end":{"line":11,"column":null}},"5":{"start":{"line":20,"column":9},"end":{"line":20,"column":15}},"6":{"start":{"line":14,"column":22},"end":{"line":19,"column":null}},"7":{"start":{"line":14,"column":33},"end":{"line":19,"column":null}},"8":{"start":{"line":16,"column":19},"end":{"line":16,"column":60}},"9":{"start":{"line":18,"column":4},"end":{"line":18,"column":null}},"10":{"start":{"line":20,"column":17},"end":{"line":20,"column":30}}},"fnMap":{"0":{"name":"(anonymous_13)","decl":{"start":{"line":7,"column":15},"end":{"line":7,"column":22}},"loc":{"start":{"line":7,"column":61},"end":{"line":12,"column":null}}},"1":{"name":"(anonymous_14)","decl":{"start":{"line":7,"column":61},"end":{"line":7,"column":null}},"loc":{"start":{"line":7,"column":61},"end":{"line":12,"column":1}}},"2":{"name":"(anonymous_15)","decl":{"start":{"line":14,"column":22},"end":{"line":14,"column":31}},"loc":{"start":{"line":14,"column":33},"end":{"line":19,"column":null}}},"3":{"name":"(anonymous_16)","decl":{"start":{"line":14,"column":33},"end":{"line":14,"column":null}},"loc":{"start":{"line":14,"column":33},"end":{"line":19,"column":1}}}},"branchMap":{},"s":{"0":1,"1":1,"2":0,"3":0,"4":0,"5":1,"6":1,"7":0,"8":0,"9":0,"10":1},"f":{"0":0,"1":0,"2":0,"3":0},"b":{}}
,"/home/kaio/Documentos/championship-adm/back-end/src/service/firebaseService.ts": {"path":"/home/kaio/Documentos/championship-adm/back-end/src/service/firebaseService.ts","statementMap":{"0":{"start":{"line":1,"column":0},"end":{"line":1,"column":69}},"1":{"start":{"line":3,"column":0},"end":{"line":3,"column":35}},"2":{"start":{"line":4,"column":0},"end":{"line":4,"column":70}},"3":{"start":{"line":5,"column":0},"end":{"line":5,"column":22}},"4":{"start":{"line":7,"column":19},"end":{"line":13,"column":2}},"5":{"start":{"line":15,"column":23},"end":{"line":15,"column":73}},"6":{"start":{"line":17,"column":15},"end":{"line":17,"column":46}},"7":{"start":{"line":18,"column":0},"end":{"line":23,"column":null}},"8":{"start":{"line":19,"column":2},"end":{"line":22,"column":5}},"9":{"start":{"line":25,"column":15},"end":{"line":25,"column":39}},"10":{"start":{"line":27,"column":20},"end":{"line":57,"column":1}},"11":{"start":{"line":28,"column":2},"end":{"line":28,"column":61}},"12":{"start":{"line":28,"column":17},"end":{"line":28,"column":61}},"13":{"start":{"line":29,"column":22},"end":{"line":29,"column":32}},"14":{"start":{"line":30,"column":15},"end":{"line":30,"column":28}},"15":{"start":{"line":31,"column":17},"end":{"line":31,"column":25}},"16":{"start":{"line":32,"column":22},"end":{"line":32,"column":78}},"17":{"start":{"line":34,"column":15},"end":{"line":34,"column":55}},"18":{"start":{"line":36,"column":17},"end":{"line":40,"column":4}},"19":{"start":{"line":42,"column":2},"end":{"line":44,"column":5}},"20":{"start":{"line":43,"column":4},"end":{"line":43,"column":21}},"21":{"start":{"line":46,"column":2},"end":{"line":54,"column":5}},"22":{"start":{"line":46,"column":33},"end":{"line":54,"column":4}},"23":{"start":{"line":48,"column":4},"end":{"line":48,"column":28}},"24":{"start":{"line":51,"column":4},"end":{"line":51,"column":93}},"25":{"start":{"line":53,"column":4},"end":{"line":53,"column":11}},"26":{"start":{"line":56,"column":2},"end":{"line":56,"column":28}},"27":{"start":{"line":59,"column":0},"end":{"line":59,"column":27}}},"fnMap":{"0":{"name":"(anonymous_8)","decl":{"start":{"line":27,"column":20},"end":{"line":27,"column":21}},"loc":{"start":{"line":27,"column":72},"end":{"line":57,"column":1}}},"1":{"name":"(anonymous_9)","decl":{"start":{"line":42,"column":21},"end":{"line":42,"column":22}},"loc":{"start":{"line":42,"column":27},"end":{"line":44,"column":3}}},"2":{"name":"(anonymous_10)","decl":{"start":{"line":46,"column":22},"end":{"line":46,"column":31}},"loc":{"start":{"line":46,"column":33},"end":{"line":54,"column":4}}},"3":{"name":"(anonymous_11)","decl":{"start":{"line":46,"column":33},"end":{"line":46,"column":null}},"loc":{"start":{"line":46,"column":33},"end":{"line":54,"column":3}}}},"branchMap":{"0":{"loc":{"start":{"line":18,"column":0},"end":{"line":23,"column":null}},"type":"if","locations":[{"start":{"line":18,"column":0},"end":{"line":23,"column":null}}]},"1":{"loc":{"start":{"line":28,"column":2},"end":{"line":28,"column":61}},"type":"if","locations":[{"start":{"line":28,"column":2},"end":{"line":28,"column":61}}]}},"s":{"0":1,"1":1,"2":1,"3":1,"4":1,"5":1,"6":1,"7":1,"8":1,"9":1,"10":1,"11":0,"12":0,"13":0,"14":0,"15":0,"16":0,"17":0,"18":0,"19":0,"20":0,"21":0,"22":0,"23":0,"24":0,"25":0,"26":0,"27":1},"f":{"0":0,"1":0,"2":0,"3":0},"b":{"0":[1],"1":[0]}}
,"/home/kaio/Documentos/championship-adm/back-end/src/service/jobsService.ts": {"path":"/home/kaio/Documentos/championship-adm/back-end/src/service/jobsService.ts","statementMap":{"0":{"start":{"line":2,"column":0},"end":{"line":2,"column":64}},"1":{"start":{"line":3,"column":0},"end":{"line":3,"column":30}},"2":{"start":{"line":6,"column":15},"end":{"line":13,"column":null}},"3":{"start":{"line":6,"column":70},"end":{"line":13,"column":null}},"4":{"start":{"line":8,"column":17},"end":{"line":8,"column":25}},"5":{"start":{"line":10,"column":19},"end":{"line":10,"column":75}},"6":{"start":{"line":12,"column":4},"end":{"line":12,"column":null}},"7":{"start":{"line":37,"column":9},"end":{"line":37,"column":15}},"8":{"start":{"line":15,"column":18},"end":{"line":20,"column":null}},"9":{"start":{"line":15,"column":38},"end":{"line":20,"column":null}},"10":{"start":{"line":17,"column":19},"end":{"line":17,"column":53}},"11":{"start":{"line":19,"column":4},"end":{"line":19,"column":null}},"12":{"start":{"line":37,"column":17},"end":{"line":37,"column":26}},"13":{"start":{"line":22,"column":19},"end":{"line":28,"column":null}},"14":{"start":{"line":22,"column":39},"end":{"line":28,"column":null}},"15":{"start":{"line":24,"column":16},"end":{"line":24,"column":51}},"16":{"start":{"line":25,"column":23},"end":{"line":25,"column":63}},"17":{"start":{"line":27,"column":4},"end":{"line":27,"column":null}},"18":{"start":{"line":37,"column":37},"end":{"line":37,"column":47}},"19":{"start":{"line":30,"column":16},"end":{"line":35,"column":null}},"20":{"start":{"line":30,"column":27},"end":{"line":35,"column":null}},"21":{"start":{"line":32,"column":19},"end":{"line":32,"column":49}},"22":{"start":{"line":34,"column":4},"end":{"line":34,"column":null}},"23":{"start":{"line":37,"column":28},"end":{"line":37,"column":35}}},"fnMap":{"0":{"name":"(anonymous_13)","decl":{"start":{"line":6,"column":15},"end":{"line":6,"column":22}},"loc":{"start":{"line":6,"column":70},"end":{"line":13,"column":null}}},"1":{"name":"(anonymous_14)","decl":{"start":{"line":6,"column":70},"end":{"line":6,"column":null}},"loc":{"start":{"line":6,"column":70},"end":{"line":13,"column":1}}},"2":{"name":"(anonymous_15)","decl":{"start":{"line":15,"column":18},"end":{"line":15,"column":25}},"loc":{"start":{"line":15,"column":38},"end":{"line":20,"column":null}}},"3":{"name":"(anonymous_16)","decl":{"start":{"line":15,"column":38},"end":{"line":15,"column":null}},"loc":{"start":{"line":15,"column":38},"end":{"line":20,"column":1}}},"4":{"name":"(anonymous_17)","decl":{"start":{"line":22,"column":19},"end":{"line":22,"column":26}},"loc":{"start":{"line":22,"column":39},"end":{"line":28,"column":null}}},"5":{"name":"(anonymous_18)","decl":{"start":{"line":22,"column":39},"end":{"line":22,"column":null}},"loc":{"start":{"line":22,"column":39},"end":{"line":28,"column":1}}},"6":{"name":"(anonymous_19)","decl":{"start":{"line":30,"column":16},"end":{"line":30,"column":25}},"loc":{"start":{"line":30,"column":27},"end":{"line":35,"column":null}}},"7":{"name":"(anonymous_20)","decl":{"start":{"line":30,"column":27},"end":{"line":30,"column":null}},"loc":{"start":{"line":30,"column":27},"end":{"line":35,"column":1}}}},"branchMap":{},"s":{"0":1,"1":1,"2":1,"3":0,"4":0,"5":0,"6":0,"7":1,"8":1,"9":0,"10":0,"11":0,"12":1,"13":1,"14":0,"15":0,"16":0,"17":0,"18":1,"19":1,"20":0,"21":0,"22":0,"23":1},"f":{"0":0,"1":0,"2":0,"3":0,"4":0,"5":0,"6":0,"7":0},"b":{}}
,"/home/kaio/Documentos/championship-adm/back-end/src/utils/errorUtils.ts": {"path":"/home/kaio/Documentos/championship-adm/back-end/src/utils/errorUtils.ts","statementMap":{"0":{"start":{"line":9,"column":2},"end":{"line":9,"column":48}},"1":{"start":{"line":8,"column":0},"end":{"line":8,"column":16}},"2":{"start":{"line":13,"column":2},"end":{"line":13,"column":38}},"3":{"start":{"line":13,"column":27},"end":{"line":13,"column":38}},"4":{"start":{"line":14,"column":2},"end":{"line":14,"column":39}},"5":{"start":{"line":14,"column":28},"end":{"line":14,"column":39}},"6":{"start":{"line":15,"column":2},"end":{"line":15,"column":42}},"7":{"start":{"line":15,"column":31},"end":{"line":15,"column":42}},"8":{"start":{"line":16,"column":2},"end":{"line":16,"column":42}},"9":{"start":{"line":16,"column":31},"end":{"line":16,"column":42}},"10":{"start":{"line":17,"column":2},"end":{"line":17,"column":13}},"11":{"start":{"line":12,"column":0},"end":{"line":12,"column":16}},"12":{"start":{"line":21,"column":2},"end":{"line":21,"column":54}},"13":{"start":{"line":20,"column":0},"end":{"line":20,"column":16}},"14":{"start":{"line":25,"column":2},"end":{"line":25,"column":55}},"15":{"start":{"line":24,"column":0},"end":{"line":24,"column":16}},"16":{"start":{"line":29,"column":2},"end":{"line":29,"column":58}},"17":{"start":{"line":28,"column":0},"end":{"line":28,"column":16}},"18":{"start":{"line":33,"column":2},"end":{"line":33,"column":58}},"19":{"start":{"line":32,"column":0},"end":{"line":32,"column":16}}},"fnMap":{"0":{"name":"isAppError","decl":{"start":{"line":8,"column":16},"end":{"line":8,"column":26}},"loc":{"start":{"line":8,"column":40},"end":{"line":10,"column":1}}},"1":{"name":"errorTypeToStatusCode","decl":{"start":{"line":12,"column":16},"end":{"line":12,"column":37}},"loc":{"start":{"line":12,"column":57},"end":{"line":18,"column":1}}},"2":{"name":"conflictError","decl":{"start":{"line":20,"column":16},"end":{"line":20,"column":29}},"loc":{"start":{"line":20,"column":46},"end":{"line":22,"column":1}}},"3":{"name":"notFoundError","decl":{"start":{"line":24,"column":16},"end":{"line":24,"column":29}},"loc":{"start":{"line":24,"column":46},"end":{"line":26,"column":1}}},"4":{"name":"unauthorizedError","decl":{"start":{"line":28,"column":16},"end":{"line":28,"column":33}},"loc":{"start":{"line":28,"column":50},"end":{"line":30,"column":1}}},"5":{"name":"wrongSchemaError","decl":{"start":{"line":32,"column":16},"end":{"line":32,"column":32}},"loc":{"start":{"line":32,"column":49},"end":{"line":34,"column":1}}}},"branchMap":{"0":{"loc":{"start":{"line":13,"column":2},"end":{"line":13,"column":38}},"type":"if","locations":[{"start":{"line":13,"column":2},"end":{"line":13,"column":38}}]},"1":{"loc":{"start":{"line":14,"column":2},"end":{"line":14,"column":39}},"type":"if","locations":[{"start":{"line":14,"column":2},"end":{"line":14,"column":39}}]},"2":{"loc":{"start":{"line":15,"column":2},"end":{"line":15,"column":42}},"type":"if","locations":[{"start":{"line":15,"column":2},"end":{"line":15,"column":42}}]},"3":{"loc":{"start":{"line":16,"column":2},"end":{"line":16,"column":42}},"type":"if","locations":[{"start":{"line":16,"column":2},"end":{"line":16,"column":42}}]},"4":{"loc":{"start":{"line":21,"column":38},"end":{"line":21,"column":51}},"type":"cond-expr","locations":[{"start":{"line":21,"column":38},"end":{"line":21,"column":45}},{"start":{"line":21,"column":49},"end":{"line":21,"column":51}}]},"5":{"loc":{"start":{"line":21,"column":38},"end":{"line":21,"column":49}},"type":"binary-expr","locations":[{"start":{"line":21,"column":38},"end":{"line":21,"column":49}},{"start":{"line":21,"column":38},"end":{"line":21,"column":49}}]},"6":{"loc":{"start":{"line":25,"column":39},"end":{"line":25,"column":52}},"type":"cond-expr","locations":[{"start":{"line":25,"column":39},"end":{"line":25,"column":46}},{"start":{"line":25,"column":50},"end":{"line":25,"column":52}}]},"7":{"loc":{"start":{"line":25,"column":39},"end":{"line":25,"column":50}},"type":"binary-expr","locations":[{"start":{"line":25,"column":39},"end":{"line":25,"column":50}},{"start":{"line":25,"column":39},"end":{"line":25,"column":50}}]},"8":{"loc":{"start":{"line":29,"column":42},"end":{"line":29,"column":55}},"type":"cond-expr","locations":[{"start":{"line":29,"column":42},"end":{"line":29,"column":49}},{"start":{"line":29,"column":53},"end":{"line":29,"column":55}}]},"9":{"loc":{"start":{"line":29,"column":42},"end":{"line":29,"column":53}},"type":"binary-expr","locations":[{"start":{"line":29,"column":42},"end":{"line":29,"column":53}},{"start":{"line":29,"column":42},"end":{"line":29,"column":53}}]},"10":{"loc":{"start":{"line":33,"column":42},"end":{"line":33,"column":55}},"type":"cond-expr","locations":[{"start":{"line":33,"column":42},"end":{"line":33,"column":49}},{"start":{"line":33,"column":53},"end":{"line":33,"column":55}}]},"11":{"loc":{"start":{"line":33,"column":42},"end":{"line":33,"column":53}},"type":"binary-expr","locations":[{"start":{"line":33,"column":42},"end":{"line":33,"column":53}},{"start":{"line":33,"column":42},"end":{"line":33,"column":53}}]}},"s":{"0":3,"1":1,"2":3,"3":1,"4":2,"5":1,"6":1,"7":1,"8":0,"9":0,"10":0,"11":1,"12":1,"13":1,"14":1,"15":1,"16":1,"17":1,"18":0,"19":1},"f":{"0":3,"1":3,"2":1,"3":1,"4":1,"5":0},"b":{"0":[1],"1":[1],"2":[1],"3":[0],"4":[1,0],"5":[1,1],"6":[1,0],"7":[1,1],"8":[1,0],"9":[1,1],"10":[0,0],"11":[0,0]}}
,"/home/kaio/Documentos/championship-adm/back-end/tests/integration/factories/authFactory.ts": {"path":"/home/kaio/Documentos/championship-adm/back-end/tests/integration/factories/authFactory.ts","statementMap":{"0":{"start":{"line":1,"column":0},"end":{"line":1,"column":39}},"1":{"start":{"line":3,"column":16},"end":{"line":11,"column":null}},"2":{"start":{"line":3,"column":26},"end":{"line":11,"column":null}},"3":{"start":{"line":4,"column":19},"end":{"line":4,"column":44}},"4":{"start":{"line":5,"column":1},"end":{"line":10,"column":null}},"5":{"start":{"line":59,"column":1},"end":{"line":59,"column":8}},"6":{"start":{"line":13,"column":29},"end":{"line":18,"column":null}},"7":{"start":{"line":13,"column":39},"end":{"line":18,"column":null}},"8":{"start":{"line":14,"column":1},"end":{"line":17,"column":null}},"9":{"start":{"line":60,"column":1},"end":{"line":60,"column":21}},"10":{"start":{"line":20,"column":30},"end":{"line":29,"column":null}},"11":{"start":{"line":20,"column":40},"end":{"line":29,"column":null}},"12":{"start":{"line":21,"column":19},"end":{"line":21,"column":44}},"13":{"start":{"line":23,"column":1},"end":{"line":28,"column":null}},"14":{"start":{"line":61,"column":1},"end":{"line":61,"column":22}},"15":{"start":{"line":31,"column":37},"end":{"line":36,"column":1}},"16":{"start":{"line":32,"column":1},"end":{"line":35,"column":null}},"17":{"start":{"line":62,"column":1},"end":{"line":62,"column":29}},"18":{"start":{"line":38,"column":22},"end":{"line":43,"column":null}},"19":{"start":{"line":38,"column":32},"end":{"line":43,"column":null}},"20":{"start":{"line":39,"column":1},"end":{"line":42,"column":null}},"21":{"start":{"line":63,"column":1},"end":{"line":63,"column":14}},"22":{"start":{"line":45,"column":19},"end":{"line":50,"column":null}},"23":{"start":{"line":45,"column":29},"end":{"line":50,"column":null}},"24":{"start":{"line":46,"column":1},"end":{"line":49,"column":null}},"25":{"start":{"line":64,"column":1},"end":{"line":64,"column":11}},"26":{"start":{"line":52,"column":33},"end":{"line":56,"column":null}},"27":{"start":{"line":52,"column":43},"end":{"line":56,"column":null}},"28":{"start":{"line":53,"column":1},"end":{"line":55,"column":null}},"29":{"start":{"line":65,"column":1},"end":{"line":65,"column":25}}},"fnMap":{"0":{"name":"(anonymous_7)","decl":{"start":{"line":3,"column":16},"end":{"line":3,"column":24}},"loc":{"start":{"line":3,"column":26},"end":{"line":11,"column":null}}},"1":{"name":"(anonymous_8)","decl":{"start":{"line":3,"column":26},"end":{"line":3,"column":null}},"loc":{"start":{"line":3,"column":26},"end":{"line":11,"column":1}}},"2":{"name":"(anonymous_9)","decl":{"start":{"line":13,"column":29},"end":{"line":13,"column":37}},"loc":{"start":{"line":13,"column":39},"end":{"line":18,"column":null}}},"3":{"name":"(anonymous_10)","decl":{"start":{"line":13,"column":39},"end":{"line":13,"column":null}},"loc":{"start":{"line":13,"column":39},"end":{"line":18,"column":1}}},"4":{"name":"(anonymous_11)","decl":{"start":{"line":20,"column":30},"end":{"line":20,"column":38}},"loc":{"start":{"line":20,"column":40},"end":{"line":29,"column":null}}},"5":{"name":"(anonymous_12)","decl":{"start":{"line":20,"column":40},"end":{"line":20,"column":null}},"loc":{"start":{"line":20,"column":40},"end":{"line":29,"column":1}}},"6":{"name":"(anonymous_13)","decl":{"start":{"line":31,"column":37},"end":{"line":31,"column":40}},"loc":{"start":{"line":31,"column":42},"end":{"line":36,"column":1}}},"7":{"name":"(anonymous_14)","decl":{"start":{"line":38,"column":22},"end":{"line":38,"column":30}},"loc":{"start":{"line":38,"column":32},"end":{"line":43,"column":null}}},"8":{"name":"(anonymous_15)","decl":{"start":{"line":38,"column":32},"end":{"line":38,"column":null}},"loc":{"start":{"line":38,"column":32},"end":{"line":43,"column":1}}},"9":{"name":"(anonymous_16)","decl":{"start":{"line":45,"column":19},"end":{"line":45,"column":27}},"loc":{"start":{"line":45,"column":29},"end":{"line":50,"column":null}}},"10":{"name":"(anonymous_17)","decl":{"start":{"line":45,"column":29},"end":{"line":45,"column":null}},"loc":{"start":{"line":45,"column":29},"end":{"line":50,"column":1}}},"11":{"name":"(anonymous_18)","decl":{"start":{"line":52,"column":33},"end":{"line":52,"column":41}},"loc":{"start":{"line":52,"column":43},"end":{"line":56,"column":null}}},"12":{"name":"(anonymous_19)","decl":{"start":{"line":52,"column":43},"end":{"line":52,"column":null}},"loc":{"start":{"line":52,"column":43},"end":{"line":56,"column":1}}}},"branchMap":{},"s":{"0":1,"1":1,"2":1,"3":1,"4":1,"5":1,"6":1,"7":1,"8":1,"9":1,"10":1,"11":1,"12":1,"13":1,"14":1,"15":1,"16":1,"17":1,"18":1,"19":1,"20":1,"21":1,"22":1,"23":1,"24":1,"25":1,"26":1,"27":1,"28":1,"29":1},"f":{"0":1,"1":1,"2":1,"3":1,"4":1,"5":1,"6":1,"7":1,"8":1,"9":1,"10":1,"11":1,"12":1},"b":{}}
}
