TN:
SF:src/app.ts
FNF:0
FNH:0
DA:1,1
DA:2,1
DA:3,1
DA:4,1
DA:5,1
DA:8,1
DA:9,1
DA:10,1
DA:11,1
DA:14,1
DA:16,1
LF:11
LH:11
BRF:0
BRH:0
end_of_record
TN:
SF:src/config/database.ts
FNF:0
FNH:0
DA:1,1
DA:3,1
DA:5,1
LF:3
LH:3
BRF:0
BRH:0
end_of_record
TN:
SF:src/controllers/authController.ts
FN:6,(anonymous_13)
FN:6,(anonymous_14)
FN:14,(anonymous_15)
FN:14,(anonymous_16)
FNF:4
FNH:4
FNDA:3,(anonymous_13)
FNDA:3,(anonymous_14)
FNDA:2,(anonymous_15)
FNDA:2,(anonymous_16)
DA:3,1
DA:6,3
DA:7,3
DA:9,3
DA:11,1
DA:14,2
DA:15,2
DA:17,2
DA:19,1
DA:22,1
LF:10
LH:10
BRF:0
BRH:0
end_of_record
TN:
SF:src/controllers/candidateController.ts
FN:6,(anonymous_13)
FN:6,(anonymous_14)
FN:17,(anonymous_15)
FN:17,(anonymous_16)
FNF:4
FNH:0
FNDA:0,(anonymous_13)
FNDA:0,(anonymous_14)
FNDA:0,(anonymous_15)
FNDA:0,(anonymous_16)
DA:3,1
DA:6,1
DA:8,0
DA:10,0
DA:12,0
DA:14,0
DA:17,1
DA:20,0
DA:22,0
DA:25,1
LF:10
LH:4
BRF:0
BRH:0
end_of_record
TN:
SF:src/controllers/jobsController.ts
FN:6,(anonymous_13)
FN:6,(anonymous_14)
FN:17,(anonymous_15)
FN:17,(anonymous_16)
FN:26,(anonymous_17)
FN:26,(anonymous_18)
FN:33,(anonymous_19)
FN:33,(anonymous_20)
FNF:8
FNH:0
FNDA:0,(anonymous_13)
FNDA:0,(anonymous_14)
FNDA:0,(anonymous_15)
FNDA:0,(anonymous_16)
FNDA:0,(anonymous_17)
FNDA:0,(anonymous_18)
FNDA:0,(anonymous_19)
FNDA:0,(anonymous_20)
DA:3,1
DA:6,1
DA:10,0
DA:12,0
DA:14,0
DA:17,1
DA:19,0
DA:21,0
DA:23,0
DA:26,1
DA:27,0
DA:28,0
DA:30,0
DA:33,1
DA:35,0
DA:37,0
DA:39,0
DA:42,1
LF:18
LH:6
BRF:0
BRH:0
end_of_record
TN:
SF:src/middlewares/erroHandler.ts
FN:8,errorHandler
FNF:1
FNH:1
FNDA:3,errorHandler
DA:2,1
DA:8,1
DA:14,3
DA:16,3
DA:17,3
DA:20,0
LF:6
LH:5
BRDA:16,0,0,3
BRF:1
BRH:1
end_of_record
TN:
SF:src/middlewares/schemaValidate.ts
FN:4,(anonymous_0)
FN:5,(anonymous_1)
FN:10,(anonymous_2)
FNF:3
FNH:3
FNDA:3,(anonymous_0)
FNDA:7,(anonymous_1)
FNDA:3,(anonymous_2)
DA:4,1
DA:5,3
DA:6,7
DA:7,7
DA:8,2
DA:10,3
DA:12,5
DA:16,1
LF:8
LH:8
BRDA:7,0,0,2
BRF:1
BRH:1
end_of_record
TN:
SF:src/middlewares/validateJwt.ts
FN:7,validateJWT
FN:9,(anonymous_2)
FNF:2
FNH:1
FNDA:1,validateJWT
FNDA:0,(anonymous_2)
DA:1,1
DA:3,1
DA:5,1
DA:7,1
DA:9,1
DA:11,0
DA:13,0
DA:14,0
DA:17,0
DA:19,0
DA:21,0
DA:22,0
DA:23,0
DA:25,0
LF:14
LH:5
BRDA:11,0,0,0
BRDA:11,0,1,0
BRDA:11,1,0,0
BRDA:11,1,1,0
BRDA:13,2,0,0
BRDA:17,3,0,0
BRDA:17,3,1,0
BRDA:17,4,0,0
BRDA:17,4,1,0
BRF:9
BRH:0
end_of_record
TN:
SF:src/repositories/authRepository.ts
FN:5,(anonymous_7)
FN:5,(anonymous_8)
FN:19,(anonymous_9)
FN:19,(anonymous_10)
FNF:4
FNH:4
FNDA:2,(anonymous_7)
FNDA:2,(anonymous_8)
FNDA:3,(anonymous_9)
FNDA:3,(anonymous_10)
DA:1,1
DA:3,1
DA:5,2
DA:7,2
DA:9,2
DA:11,1
DA:15,1
DA:19,3
DA:22,3
DA:24,3
DA:26,2
DA:30,1
LF:12
LH:12
BRDA:9,0,0,1
BRDA:24,1,0,1
BRF:2
BRH:2
end_of_record
TN:
SF:src/repositories/candidateRepository.ts
FN:5,(anonymous_7)
FN:5,(anonymous_8)
FN:11,(anonymous_9)
FN:11,(anonymous_10)
FNF:4
FNH:0
FNDA:0,(anonymous_7)
FNDA:0,(anonymous_8)
FNDA:0,(anonymous_9)
FNDA:0,(anonymous_10)
DA:2,1
DA:5,1
DA:6,0
DA:8,0
DA:11,1
DA:12,0
DA:23,0
DA:26,1
LF:8
LH:4
BRF:0
BRH:0
end_of_record
TN:
SF:src/repositories/jobsRepository.ts
FN:7,(anonymous_7)
FN:7,(anonymous_8)
FN:15,(anonymous_9)
FN:15,(anonymous_10)
FN:24,(anonymous_11)
FN:24,(anonymous_12)
FN:63,(anonymous_13)
FN:63,(anonymous_14)
FN:106,(anonymous_15)
FN:106,(anonymous_16)
FNF:10
FNH:0
FNDA:0,(anonymous_7)
FNDA:0,(anonymous_8)
FNDA:0,(anonymous_9)
FNDA:0,(anonymous_10)
FNDA:0,(anonymous_11)
FNDA:0,(anonymous_12)
FNDA:0,(anonymous_13)
FNDA:0,(anonymous_14)
FNDA:0,(anonymous_15)
FNDA:0,(anonymous_16)
DA:3,1
DA:5,1
DA:7,1
DA:9,0
DA:11,0
DA:15,1
DA:17,0
DA:19,0
DA:24,1
DA:27,0
DA:57,0
DA:63,1
DA:66,0
DA:99,0
DA:101,0
DA:106,1
DA:109,0
DA:125,0
DA:131,1
LF:19
LH:8
BRDA:99,0,0,0
BRF:1
BRH:0
end_of_record
TN:
SF:src/router/authRouter.ts
FNF:0
FNH:0
DA:1,1
DA:2,1
DA:3,1
DA:4,1
DA:5,1
DA:7,1
DA:10,1
DA:11,1
DA:13,1
LF:9
LH:9
BRF:0
BRH:0
end_of_record
TN:
SF:src/router/jobsRouter.ts
FNF:0
FNH:0
DA:1,1
DA:2,1
DA:3,1
DA:4,1
DA:5,1
DA:6,1
DA:7,1
DA:8,1
DA:11,1
DA:15,1
DA:17,1
DA:18,1
DA:20,1
DA:22,1
DA:24,1
DA:26,1
DA:27,1
DA:29,1
LF:18
LH:18
BRF:0
BRH:0
end_of_record
TN:
SF:src/router/routes.ts
FNF:0
FNH:0
DA:1,1
DA:2,1
DA:3,1
DA:5,1
DA:6,1
DA:7,1
DA:9,1
LF:7
LH:7
BRF:0
BRH:0
end_of_record
TN:
SF:src/schemas/authSchemas/signInSchema.ts
FNF:0
FNH:0
DA:1,1
DA:3,1
DA:11,1
DA:18,1
LF:4
LH:4
BRF:0
BRH:0
end_of_record
TN:
SF:src/schemas/authSchemas/signUpSchema.ts
FNF:0
FNH:0
DA:1,1
DA:3,1
DA:10,1
DA:15,1
LF:4
LH:4
BRF:0
BRH:0
end_of_record
TN:
SF:src/schemas/jobsSchemas/createJobsSchema.ts
FNF:0
FNH:0
DA:1,1
DA:3,1
DA:12,1
DA:19,1
LF:4
LH:4
BRF:0
BRH:0
end_of_record
TN:
SF:src/service/authService.ts
FN:9,(anonymous_14)
FN:9,(anonymous_15)
FN:20,(anonymous_16)
FN:20,(anonymous_17)
FNF:4
FNH:4
FNDA:2,(anonymous_14)
FNDA:2,(anonymous_15)
FNDA:3,(anonymous_16)
FNDA:3,(anonymous_17)
DA:2,1
DA:4,1
DA:5,1
DA:6,1
DA:7,1
DA:9,2
DA:11,2
DA:13,2
DA:15,1
DA:17,1
DA:20,3
DA:22,3
DA:24,2
DA:26,2
DA:28,1
DA:30,1
DA:32,1
DA:36,1
LF:18
LH:18
BRDA:26,0,0,1
BRDA:28,1,0,1
BRDA:28,1,1,0
BRDA:28,2,0,1
BRDA:28,2,1,1
BRF:5
BRH:4
end_of_record
TN:
SF:src/service/candidateService.ts
FN:7,(anonymous_13)
FN:7,(anonymous_14)
FN:14,(anonymous_15)
FN:14,(anonymous_16)
FNF:4
FNH:0
FNDA:0,(anonymous_13)
FNDA:0,(anonymous_14)
FNDA:0,(anonymous_15)
FNDA:0,(anonymous_16)
DA:4,1
DA:7,1
DA:9,0
DA:11,0
DA:14,1
DA:16,0
DA:18,0
DA:20,1
LF:8
LH:4
BRF:0
BRH:0
end_of_record
TN:
SF:src/service/firebaseService.ts
FN:27,(anonymous_8)
FN:42,(anonymous_9)
FN:46,(anonymous_10)
FN:46,(anonymous_11)
FNF:4
FNH:0
FNDA:0,(anonymous_8)
FNDA:0,(anonymous_9)
FNDA:0,(anonymous_10)
FNDA:0,(anonymous_11)
DA:1,1
DA:3,1
DA:4,1
DA:5,1
DA:7,1
DA:15,1
DA:17,1
DA:18,1
DA:19,1
DA:25,1
DA:27,1
DA:28,0
DA:29,0
DA:30,0
DA:31,0
DA:32,0
DA:34,0
DA:36,0
DA:42,0
DA:43,0
DA:46,0
DA:48,0
DA:51,0
DA:53,0
DA:56,0
DA:59,1
LF:26
LH:12
BRDA:18,0,0,1
BRDA:28,1,0,0
BRF:2
BRH:1
end_of_record
TN:
SF:src/service/jobsService.ts
FN:6,(anonymous_13)
FN:6,(anonymous_14)
FN:15,(anonymous_15)
FN:15,(anonymous_16)
FN:22,(anonymous_17)
FN:22,(anonymous_18)
FN:30,(anonymous_19)
FN:30,(anonymous_20)
FNF:8
FNH:0
FNDA:0,(anonymous_13)
FNDA:0,(anonymous_14)
FNDA:0,(anonymous_15)
FNDA:0,(anonymous_16)
FNDA:0,(anonymous_17)
FNDA:0,(anonymous_18)
FNDA:0,(anonymous_19)
FNDA:0,(anonymous_20)
DA:2,1
DA:3,1
DA:6,1
DA:8,0
DA:10,0
DA:12,0
DA:15,1
DA:17,0
DA:19,0
DA:22,1
DA:24,0
DA:25,0
DA:27,0
DA:30,1
DA:32,0
DA:34,0
DA:37,1
LF:17
LH:7
BRF:0
BRH:0
end_of_record
TN:
SF:src/utils/errorUtils.ts
FN:8,isAppError
FN:12,errorTypeToStatusCode
FN:20,conflictError
FN:24,notFoundError
FN:28,unauthorizedError
FN:32,wrongSchemaError
FNF:6
FNH:5
FNDA:3,isAppError
FNDA:3,errorTypeToStatusCode
FNDA:1,conflictError
FNDA:1,notFoundError
FNDA:1,unauthorizedError
FNDA:0,wrongSchemaError
DA:8,1
DA:9,3
DA:12,1
DA:13,3
DA:14,2
DA:15,1
DA:16,0
DA:17,0
DA:20,1
DA:21,1
DA:24,1
DA:25,1
DA:28,1
DA:29,1
DA:32,1
DA:33,0
LF:16
LH:13
BRDA:13,0,0,1
BRDA:14,1,0,1
BRDA:15,2,0,1
BRDA:16,3,0,0
BRDA:21,4,0,1
BRDA:21,4,1,0
BRDA:21,5,0,1
BRDA:21,5,1,1
BRDA:25,6,0,1
BRDA:25,6,1,0
BRDA:25,7,0,1
BRDA:25,7,1,1
BRDA:29,8,0,1
BRDA:29,8,1,0
BRDA:29,9,0,1
BRDA:29,9,1,1
BRDA:33,10,0,0
BRDA:33,10,1,0
BRDA:33,11,0,0
BRDA:33,11,1,0
BRF:20
BRH:12
end_of_record
TN:
SF:tests/integration/factories/authFactory.ts
FN:3,(anonymous_7)
FN:3,(anonymous_8)
FN:13,(anonymous_9)
FN:13,(anonymous_10)
FN:20,(anonymous_11)
FN:20,(anonymous_12)
FN:31,(anonymous_13)
FN:38,(anonymous_14)
FN:38,(anonymous_15)
FN:45,(anonymous_16)
FN:45,(anonymous_17)
FN:52,(anonymous_18)
FN:52,(anonymous_19)
FNF:13
FNH:13
FNDA:1,(anonymous_7)
FNDA:1,(anonymous_8)
FNDA:1,(anonymous_9)
FNDA:1,(anonymous_10)
FNDA:1,(anonymous_11)
FNDA:1,(anonymous_12)
FNDA:1,(anonymous_13)
FNDA:1,(anonymous_14)
FNDA:1,(anonymous_15)
FNDA:1,(anonymous_16)
FNDA:1,(anonymous_17)
FNDA:1,(anonymous_18)
FNDA:1,(anonymous_19)
DA:1,1
DA:3,1
DA:4,1
DA:5,1
DA:13,1
DA:14,1
DA:20,1
DA:21,1
DA:23,1
DA:31,1
DA:32,1
DA:38,1
DA:39,1
DA:45,1
DA:46,1
DA:52,1
DA:53,1
DA:59,1
DA:60,1
DA:61,1
DA:62,1
DA:63,1
DA:64,1
DA:65,1
LF:24
LH:24
BRF:0
BRH:0
end_of_record
